0 info it worked if it ends with ok
1 verbose cli [ '/usr/bin/nodejs',
1 verbose cli   '/usr/bin/npm',
1 verbose cli   'start',
1 verbose cli   'functionalities/server.js' ]
2 info using npm@1.3.10
3 info using node@v0.10.25
4 error Error: ENOENT, open '/home/leanomartinet/Documents/stage/prototype/node_modules/functionalities/server.js/package.json'
5 error If you need help, you may report this log at:
5 error     <http://github.com/isaacs/npm/issues>
5 error or email it to:
5 error     <npm-@googlegroups.com>
6 error System Linux 3.13.0-49-generic
7 error command "/usr/bin/nodejs" "/usr/bin/npm" "start" "functionalities/server.js"
8 error cwd /home/leanomartinet/Documents/stage/prototype
9 error node -v v0.10.25
10 error npm -v 1.3.10
11 error path /home/leanomartinet/Documents/stage/prototype/node_modules/functionalities/server.js/package.json
12 error code ENOENT
13 error errno 34
14 verbose exit [ 34, true ]
